<?xml version="1.0" encoding="UTF-8"?>
<testsuite name="lukuvinkki.HttpRequestTest" tests="1" skipped="0" failures="0" errors="0" timestamp="2018-11-13T20:04:09" hostname="CLAUDIUS_I" time="0.247">
  <properties/>
  <testcase name="greetingShouldReturnDefaultMessage" classname="lukuvinkki.HttpRequestTest" time="0.247"/>
  <system-out><![CDATA[22:04:07.688 [Test worker] DEBUG org.springframework.test.context.junit4.SpringJUnit4ClassRunner - SpringJUnit4ClassRunner constructor called with [class lukuvinkki.HttpRequestTest]
22:04:07.694 [Test worker] DEBUG org.springframework.test.context.BootstrapUtils - Instantiating CacheAwareContextLoaderDelegate from class [org.springframework.test.context.cache.DefaultCacheAwareContextLoaderDelegate]
22:04:07.699 [Test worker] DEBUG org.springframework.test.context.BootstrapUtils - Instantiating BootstrapContext using constructor [public org.springframework.test.context.support.DefaultBootstrapContext(java.lang.Class,org.springframework.test.context.CacheAwareContextLoaderDelegate)]
22:04:07.710 [Test worker] DEBUG org.springframework.test.context.BootstrapUtils - Instantiating TestContextBootstrapper for test class [lukuvinkki.HttpRequestTest] from class [org.springframework.boot.test.context.SpringBootTestContextBootstrapper]
22:04:07.718 [Test worker] INFO org.springframework.boot.test.context.SpringBootTestContextBootstrapper - Neither @ContextConfiguration nor @ContextHierarchy found for test class [lukuvinkki.HttpRequestTest], using SpringBootContextLoader
22:04:07.720 [Test worker] DEBUG org.springframework.test.context.support.AbstractContextLoader - Did not detect default resource location for test class [lukuvinkki.HttpRequestTest]: class path resource [lukuvinkki/HttpRequestTest-context.xml] does not exist
22:04:07.720 [Test worker] DEBUG org.springframework.test.context.support.AbstractContextLoader - Did not detect default resource location for test class [lukuvinkki.HttpRequestTest]: class path resource [lukuvinkki/HttpRequestTestContext.groovy] does not exist
22:04:07.720 [Test worker] INFO org.springframework.test.context.support.AbstractContextLoader - Could not detect default resource locations for test class [lukuvinkki.HttpRequestTest]: no resource found for suffixes {-context.xml, Context.groovy}.
22:04:07.721 [Test worker] INFO org.springframework.test.context.support.AnnotationConfigContextLoaderUtils - Could not detect default configuration classes for test class [lukuvinkki.HttpRequestTest]: HttpRequestTest does not declare any static, non-private, non-final, nested classes annotated with @Configuration.
22:04:07.745 [Test worker] DEBUG org.springframework.test.context.support.ActiveProfilesUtils - Could not find an 'annotation declaring class' for annotation type [org.springframework.test.context.ActiveProfiles] and class [lukuvinkki.HttpRequestTest]
22:04:07.750 [Test worker] DEBUG org.springframework.core.env.StandardEnvironment - Adding PropertySource 'systemProperties' with lowest search precedence
22:04:07.750 [Test worker] DEBUG org.springframework.core.env.StandardEnvironment - Adding PropertySource 'systemEnvironment' with lowest search precedence
22:04:07.751 [Test worker] DEBUG org.springframework.core.env.StandardEnvironment - Initialized StandardEnvironment with PropertySources [MapPropertySource@509368940 {name='systemProperties', properties={sun.desktop=windows, awt.toolkit=sun.awt.windows.WToolkit, java.specification.version=11, sun.cpu.isalist=amd64, sun.jnu.encoding=Cp1252, org.gradle.test.worker=11, java.class.path=C:\\Users\\Eero\\.gradle\\caches\\4.10.2\\workerMain\\gradle-worker.jar;C:\\Users\\Eero\\Documents\\ohtu\\Lukuvinkki-NESMM\\build\\classes\\java\\test;C:\\Users\\Eero\\Documents\\ohtu\\Lukuvinkki-NESMM\\build\\resources\\test;C:\\Users\\Eero\\Documents\\ohtu\\Lukuvinkki-NESMM\\build\\classes\\java\\main;C:\\Users\\Eero\\Documents\\ohtu\\Lukuvinkki-NESMM\\build\\resources\\main;C:\\Users\\Eero\\.gradle\\caches\\modules-2\\files-2.1\\org.springframework.boot\\spring-boot-starter-web\\2.0.5.RELEASE\\52daa1f1509bd637a737206e54c06a17aabb9504\\spring-boot-starter-web-2.0.5.RELEASE.jar;C:\\Users\\Eero\\.gradle\\caches\\modules-2\\files-2.1\\org.springframework.boot\\spring-boot-starter-thymeleaf\\2.0.5.RELEASE\\711c936b0e73d40cde44b68deeed7e5a879b7974\\spring-boot-starter-thymeleaf-2.0.5.RELEASE.jar;C:\\Users\\Eero\\.gradle\\caches\\modules-2\\files-2.1\\org.springframework.boot\\spring-boot-devtools\\2.0.5.RELEASE\\9bd89be8e5d96477f8dd846fea4ced5954031d89\\spring-boot-devtools-2.0.5.RELEASE.jar;C:\\Users\\Eero\\.gradle\\caches\\modules-2\\files-2.1\\org.springframework.boot\\spring-boot-starter-test\\2.0.5.RELEASE\\ab04ca2e76f6a8e786001352a81a10e4b0e7fbc8\\spring-boot-starter-test-2.0.5.RELEASE.jar;C:\\Users\\Eero\\.gradle\\caches\\modules-2\\files-2.1\\org.springframework.boot\\spring-boot-starter-json\\2.0.5.RELEASE\\d0052ded4733ceb1fb7d927238f22f9a92099227\\spring-boot-starter-json-2.0.5.RELEASE.jar;C:\\Users\\Eero\\.gradle\\caches\\modules-2\\files-2.1\\org.springframework.boot\\spring-boot-starter\\2.0.5.RELEASE\\1f53487a373be18d064a5815e9bac9882ef15cdc\\spring-boot-starter-2.0.5.RELEASE.jar;C:\\Users\\Eero\\.gradle\\caches\\modules-2\\files-2.1\\org.springframework.boot\\spring-boot-starter-tomcat\\2.0.5.RELEASE\\eaac8a5d73b45400bc88cd7f6b5c99b5f0d5e9b7\\spring-boot-starter-tomcat-2.0.5.RELEASE.jar;C:\\Users\\Eero\\.gradle\\caches\\modules-2\\files-2.1\\org.hibernate.validator\\hibernate-validator\\6.0.12.Final\\478003e61b056c1f97840ba3e62ff31cdc89597\\hibernate-validator-6.0.12.Final.jar;C:\\Users\\Eero\\.gradle\\caches\\modules-2\\files-2.1\\org.springframework\\spring-webmvc\\5.0.9.RELEASE\\c18346caaeb8dc648c4cc01874996fd9fef76664\\spring-webmvc-5.0.9.RELEASE.jar;C:\\Users\\Eero\\.gradle\\caches\\modules-2\\files-2.1\\org.springframework\\spring-web\\5.0.9.RELEASE\\1ea3aab93340849313fa74ec626ddaf1fff9ed8e\\spring-web-5.0.9.RELEASE.jar;C:\\Users\\Eero\\.gradle\\caches\\modules-2\\files-2.1\\org.thymeleaf\\thymeleaf-spring5\\3.0.9.RELEASE\\abf84efd83808a70d982d2790f7f3a7bd3a39cf4\\thymeleaf-spring5-3.0.9.RELEASE.jar;C:\\Users\\Eero\\.gradle\\caches\\modules-2\\files-2.1\\org.thymeleaf.extras\\thymeleaf-extras-java8time\\3.0.1.RELEASE\\d23760d1e53cd70c489ef40dc94ee6bd2371cceb\\thymeleaf-extras-java8time-3.0.1.RELEASE.jar;C:\\Users\\Eero\\.gradle\\caches\\modules-2\\files-2.1\\org.springframework.boot\\spring-boot-test-autoconfigure\\2.0.5.RELEASE\\54d5e8f9e88c6236fe164474f0aed5a8a1052c43\\spring-boot-test-autoconfigure-2.0.5.RELEASE.jar;C:\\Users\\Eero\\.gradle\\caches\\modules-2\\files-2.1\\org.springframework.boot\\spring-boot-autoconfigure\\2.0.5.RELEASE\\e5588642799e0c0c04638e255c3d3f31ba400ff4\\spring-boot-autoconfigure-2.0.5.RELEASE.jar;C:\\Users\\Eero\\.gradle\\caches\\modules-2\\files-2.1\\org.springframework.boot\\spring-boot-test\\2.0.5.RELEASE\\ce6353f33217982357a6bdba6576015ea333304c\\spring-boot-test-2.0.5.RELEASE.jar;C:\\Users\\Eero\\.gradle\\caches\\modules-2\\files-2.1\\org.springframework.boot\\spring-boot\\2.0.5.RELEASE\\19a4624cbd89a318d10c79f289c6c816043850fb\\spring-boot-2.0.5.RELEASE.jar;C:\\Users\\Eero\\.gradle\\caches\\modules-2\\files-2.1\\com.jayway.jsonpath\\json-path\\2.4.0\\765a4401ceb2dc8d40553c2075eb80a8fa35c2ae\\json-path-2.4.0.jar;C:\\Users\\Eero\\.gradle\\caches\\modules-2\\files-2.1\\junit\\junit\\4.12\\2973d150c0dc1fefe998f834810d68f278ea58ec\\junit-4.12.jar;C:\\Users\\Eero\\.gradle\\caches\\modules-2\\files-2.1\\org.assertj\\assertj-core\\3.9.1\\c5ce126b15f28d56cd8f960c1a6a058b9c9aea87\\assertj-core-3.9.1.jar;C:\\Users\\Eero\\.gradle\\caches\\modules-2\\files-2.1\\org.mockito\\mockito-core\\2.15.0\\b84bfbbc29cd22c9529409627af6ea2897f4fa85\\mockito-core-2.15.0.jar;C:\\Users\\Eero\\.gradle\\caches\\modules-2\\files-2.1\\org.hamcrest\\hamcrest-library\\1.3\\4785a3c21320980282f9f33d0d1264a69040538f\\hamcrest-library-1.3.jar;C:\\Users\\Eero\\.gradle\\caches\\modules-2\\files-2.1\\org.hamcrest\\hamcrest-core\\1.3\\42a25dc3219429f0e5d060061f71acb49bf010a0\\hamcrest-core-1.3.jar;C:\\Users\\Eero\\.gradle\\caches\\modules-2\\files-2.1\\org.skyscreamer\\jsonassert\\1.5.0\\6c9d5fe2f59da598d9aefc1cfc6528ff3cf32df3\\jsonassert-1.5.0.jar;C:\\Users\\Eero\\.gradle\\caches\\modules-2\\files-2.1\\org.springframework\\spring-test\\5.0.9.RELEASE\\218c8648f898453be92d550252e0ce2a84b54375\\spring-test-5.0.9.RELEASE.jar;C:\\Users\\Eero\\.gradle\\caches\\modules-2\\files-2.1\\org.springframework\\spring-context\\5.0.9.RELEASE\\2501e55acb6c2e84667cda3f845d1d00a0dc4e05\\spring-context-5.0.9.RELEASE.jar;C:\\Users\\Eero\\.gradle\\caches\\modules-2\\files-2.1\\org.springframework\\spring-expression\\5.0.9.RELEASE\\1f9db5ff3a758102c0434cc3457aa47c50c39a4a\\spring-expression-5.0.9.RELEASE.jar;C:\\Users\\Eero\\.gradle\\caches\\modules-2\\files-2.1\\org.springframework\\spring-aop\\5.0.9.RELEASE\\98003b099697fe46b6bdf18c7e3f66d7a1381060\\spring-aop-5.0.9.RELEASE.jar;C:\\Users\\Eero\\.gradle\\caches\\modules-2\\files-2.1\\org.springframework\\spring-beans\\5.0.9.RELEASE\\65f56fdab1bb90ad059e314d2f2f4cf76f9bdbde\\spring-beans-5.0.9.RELEASE.jar;C:\\Users\\Eero\\.gradle\\caches\\modules-2\\files-2.1\\org.springframework\\spring-core\\5.0.9.RELEASE\\9f9a828936d81afd49a603bda9cc1aed863a0d85\\spring-core-5.0.9.RELEASE.jar;C:\\Users\\Eero\\.gradle\\caches\\modules-2\\files-2.1\\org.xmlunit\\xmlunit-core\\2.5.1\\4ffdb346572a7356f7521cd3119ce5287d2e339d\\xmlunit-core-2.5.1.jar;C:\\Users\\Eero\\.gradle\\caches\\modules-2\\files-2.1\\org.springframework.boot\\spring-boot-starter-logging\\2.0.5.RELEASE\\c353e0b9591d0765c687ff0a678478cbebfd5c23\\spring-boot-starter-logging-2.0.5.RELEASE.jar;C:\\Users\\Eero\\.gradle\\caches\\modules-2\\files-2.1\\javax.annotation\\javax.annotation-api\\1.3.2\\934c04d3cfef185a8008e7bf34331b79730a9d43\\javax.annotation-api-1.3.2.jar;C:\\Users\\Eero\\.gradle\\caches\\modules-2\\files-2.1\\org.yaml\\snakeyaml\\1.19\\2d998d3d674b172a588e54ab619854d073f555b5\\snakeyaml-1.19.jar;C:\\Users\\Eero\\.gradle\\caches\\modules-2\\files-2.1\\com.fasterxml.jackson.datatype\\jackson-datatype-jdk8\\2.9.6\\456895fc91bf7180b216fead220373e6278230c9\\jackson-datatype-jdk8-2.9.6.jar;C:\\Users\\Eero\\.gradle\\caches\\modules-2\\files-2.1\\com.fasterxml.jackson.datatype\\jackson-datatype-jsr310\\2.9.6\\ea54f6193d224e5e5732bbd4262327eb465397c2\\jackson-datatype-jsr310-2.9.6.jar;C:\\Users\\Eero\\.gradle\\caches\\modules-2\\files-2.1\\com.fasterxml.jackson.module\\jackson-module-parameter-names\\2.9.6\\129acd77a4b6ee30d62d3a0899b1344c8ec2bff8\\jackson-module-parameter-names-2.9.6.jar;C:\\Users\\Eero\\.gradle\\caches\\modules-2\\files-2.1\\com.fasterxml.jackson.core\\jackson-databind\\2.9.6\\cfa4f316351a91bfd95cb0644c6a2c95f52db1fc\\jackson-databind-2.9.6.jar;C:\\Users\\Eero\\.gradle\\caches\\modules-2\\files-2.1\\org.apache.tomcat.embed\\tomcat-embed-websocket\\8.5.34\\5f86906367c2540b21e6aeecc277d2ce9ec939b0\\tomcat-embed-websocket-8.5.34.jar;C:\\Users\\Eero\\.gradle\\caches\\modules-2\\files-2.1\\org.apache.tomcat.embed\\tomcat-embed-core\\8.5.34\\a038040d68a90397f95dd1e11b979fe364a5000f\\tomcat-embed-core-8.5.34.jar;C:\\Users\\Eero\\.gradle\\caches\\modules-2\\files-2.1\\org.apache.tomcat.embed\\tomcat-embed-el\\8.5.34\\be71a9a5bdd001db7cf97c47429eec0bdd3b7b88\\tomcat-embed-el-8.5.34.jar;C:\\Users\\Eero\\.gradle\\caches\\modules-2\\files-2.1\\javax.validation\\validation-api\\2.0.1.Final\\cb855558e6271b1b32e716d24cb85c7f583ce09e\\validation-api-2.0.1.Final.jar;C:\\Users\\Eero\\.gradle\\caches\\modules-2\\files-2.1\\org.jboss.logging\\jboss-logging\\3.3.2.Final\\3789d00e859632e6c6206adc0c71625559e6e3b0\\jboss-logging-3.3.2.Final.jar;C:\\Users\\Eero\\.gradle\\caches\\modules-2\\files-2.1\\com.fasterxml\\classmate\\1.3.4\\3d5f48f10bbe4eb7bd862f10c0583be2e0053c6\\classmate-1.3.4.jar;C:\\Users\\Eero\\.gradle\\caches\\modules-2\\files-2.1\\org.thymeleaf\\thymeleaf\\3.0.9.RELEASE\\64185cca50ac808ad034841c84b4013f955465d2\\thymeleaf-3.0.9.RELEASE.jar;C:\\Users\\Eero\\.gradle\\caches\\modules-2\\files-2.1\\ch.qos.logback\\logback-classic\\1.2.3\\7c4f3c474fb2c041d8028740440937705ebb473a\\logback-classic-1.2.3.jar;C:\\Users\\Eero\\.gradle\\caches\\modules-2\\files-2.1\\org.apache.logging.log4j\\log4j-to-slf4j\\2.10.0\\f7e631ccf49cfc0aefa4a2a728da7d374c05bd3c\\log4j-to-slf4j-2.10.0.jar;C:\\Users\\Eero\\.gradle\\caches\\modules-2\\files-2.1\\org.slf4j\\jul-to-slf4j\\1.7.25\\af5364cd6679bfffb114f0dec8a157aaa283b76\\jul-to-slf4j-1.7.25.jar;C:\\Users\\Eero\\.gradle\\caches\\modules-2\\files-2.1\\org.slf4j\\slf4j-api\\1.7.25\\da76ca59f6a57ee3102f8f9bd9cee742973efa8a\\slf4j-api-1.7.25.jar;C:\\Users\\Eero\\.gradle\\caches\\modules-2\\files-2.1\\net.minidev\\json-smart\\2.3\\7396407491352ce4fa30de92efb158adb76b5b\\json-smart-2.3.jar;C:\\Users\\Eero\\.gradle\\caches\\modules-2\\files-2.1\\net.bytebuddy\\byte-buddy\\1.7.11\\f02857a4e2c66ccbe7aaad6100a0a6c461bce9b3\\byte-buddy-1.7.11.jar;C:\\Users\\Eero\\.gradle\\caches\\modules-2\\files-2.1\\net.bytebuddy\\byte-buddy-agent\\1.7.11\\b425a8933ca07edd03c6dbc8bc3b595fba9780de\\byte-buddy-agent-1.7.11.jar;C:\\Users\\Eero\\.gradle\\caches\\modules-2\\files-2.1\\org.objenesis\\objenesis\\2.6\\639033469776fd37c08358c6b92a4761feb2af4b\\objenesis-2.6.jar;C:\\Users\\Eero\\.gradle\\caches\\modules-2\\files-2.1\\com.vaadin.external.google\\android-json\\0.0.20131108.vaadin1\\fa26d351fe62a6a17f5cda1287c1c6110dec413f\\android-json-0.0.20131108.vaadin1.jar;C:\\Users\\Eero\\.gradle\\caches\\modules-2\\files-2.1\\org.springframework\\spring-jcl\\5.0.9.RELEASE\\bc3b5aaae53f0bc03647e53ecbd98a05b47a4e90\\spring-jcl-5.0.9.RELEASE.jar;C:\\Users\\Eero\\.gradle\\caches\\modules-2\\files-2.1\\com.fasterxml.jackson.core\\jackson-annotations\\2.9.0\\7c10d545325e3a6e72e06381afe469fd40eb701\\jackson-annotations-2.9.0.jar;C:\\Users\\Eero\\.gradle\\caches\\modules-2\\files-2.1\\com.fasterxml.jackson.core\\jackson-core\\2.9.6\\4e393793c37c77e042ccc7be5a914ae39251b365\\jackson-core-2.9.6.jar;C:\\Users\\Eero\\.gradle\\caches\\modules-2\\files-2.1\\org.attoparser\\attoparser\\2.0.4.RELEASE\\5cf02c4d8303a81f0c80971bb1dcd40d3ba96009\\attoparser-2.0.4.RELEASE.jar;C:\\Users\\Eero\\.gradle\\caches\\modules-2\\files-2.1\\org.unbescape\\unbescape\\1.1.5.RELEASE\\46dc644ea9c234317d926ebac5bf5d8f114dc1ba\\unbescape-1.1.5.RELEASE.jar;C:\\Users\\Eero\\.gradle\\caches\\modules-2\\files-2.1\\net.minidev\\accessors-smart\\1.2\\c592b500269bfde36096641b01238a8350f8aa31\\accessors-smart-1.2.jar;C:\\Users\\Eero\\.gradle\\caches\\modules-2\\files-2.1\\ch.qos.logback\\logback-core\\1.2.3\\864344400c3d4d92dfeb0a305dc87d953677c03c\\logback-core-1.2.3.jar;C:\\Users\\Eero\\.gradle\\caches\\modules-2\\files-2.1\\org.apache.logging.log4j\\log4j-api\\2.10.0\\fec5797a55b786184a537abd39c3fa1449d752d6\\log4j-api-2.10.0.jar;C:\\Users\\Eero\\.gradle\\caches\\modules-2\\files-2.1\\org.ow2.asm\\asm\\5.0.4\\da08b8cce7bbf903602a25a3a163ae252435795\\asm-5.0.4.jar, java.vm.vendor=Oracle Corporation, sun.arch.data.model=64, user.variant=, java.vendor.url=http://java.oracle.com/, user.timezone=Europe/Helsinki, os.name=Windows 10, java.vm.specification.version=11, user.country=US, sun.java.launcher=SUN_STANDARD, sun.boot.library.path=C:\Program Files\OpenJDK\jdk-11.0.1\bin, sun.java.command=worker.org.gradle.process.internal.worker.GradleWorkerMain 'Gradle Test Executor 11', jdk.debug=release, sun.cpu.endian=little, user.home=C:\Users\Eero, user.language=en, java.specification.vendor=Oracle Corporation, org.gradle.native=false, java.version.date=2018-10-16, java.home=C:\Program Files\OpenJDK\jdk-11.0.1, file.separator=\, java.vm.compressedOopsMode=Zero based, line.separator=
, java.specification.name=Java Platform API Specification, java.vm.specification.vendor=Oracle Corporation, java.awt.graphicsenv=sun.awt.Win32GraphicsEnvironment, user.script=, sun.management.compiler=HotSpot 64-Bit Tiered Compilers, java.runtime.version=11.0.1+13, user.name=Eero, path.separator=;, os.version=10.0, java.runtime.name=OpenJDK Runtime Environment, file.encoding=windows-1252, java.vm.name=OpenJDK 64-Bit Server VM, java.vendor.version=18.9, java.vendor.url.bug=http://bugreport.java.com/bugreport/, java.io.tmpdir=C:\Users\Eero\AppData\Local\Temp\, java.version=11.0.1, user.dir=C:\Users\Eero\Documents\ohtu\Lukuvinkki-NESMM, os.arch=amd64, java.vm.specification.name=Java Virtual Machine Specification, java.awt.printerjob=sun.awt.windows.WPrinterJob, sun.os.patch.level=, java.library.path=C:\Program Files\OpenJDK\jdk-11.0.1\bin;C:\Windows\Sun\Java\bin;C:\Windows\system32;C:\Windows;C:\Local\Cmder\bin;C:\Local\Cmder\vendor\conemu-maximus5\ConEmu\Scripts;C:\Local\Cmder\vendor\conemu-maximus5;C:\Local\Cmder\vendor\conemu-maximus5\ConEmu;c:\windows\system32;c:\windows;c:\windows\system32\wbem;c:\windows\system32\windowspowershell\v1.0\;c:\windows\system32\openssh\;c:\programdata\chocolatey\bin;c:\program files\putty\;c:\program files (x86)\vim\vim80;c:\program files\git\cmd;c:\program files\nodejs\;c:\go\bin;C:\Program Files (x86)\NVIDIA Corporation\PhysX\Common;C:\Users\Eero\.cargo\bin;C:\Users\Eero\AppData\Local\Microsoft\WindowsApps;C:\tools\neovim\Neovim\bin;C:\Python27amd64;C:\Program Files (x86)\Microsoft Visual Studio\2017\Community\VC\Auxiliary\Build\;C:\Users\Eero\AppData\Local\Programs\Microsoft VS Code\bin;C:\Program Files\CMake\bin;C:\Users\Eero\AppData\Roaming\npm;C:\Users\Eero\go\bin;C:\Users\Eero\.cargo\bin;C:\Program Files\OpenJDK\jdk-11.0.1\bin;c:\Program Files\Git\mingw64;c:\Program Files\Git\usr\bin;C:\Local\Cmder;., java.vendor=Oracle Corporation, java.vm.info=mixed mode, java.vm.version=11.0.1+13, sun.io.unicode.encoding=UnicodeLittle, java.class.version=55.0}}, SystemEnvironmentPropertySource@717002233 {name='systemEnvironment', properties={lib_profile=call "C:\Local\Cmder\vendor\lib\lib_profile.cmd", max_depth=1, SESSIONNAME=Console, ALLUSERSPROFILE=C:\ProgramData, GIT_INSTALL_ROOT=c:\Program Files\Git, SystemDrive=C:, =ExitCode=00000000, DIRNAME=c:\ProgramData\chocolatey\lib\gradle\tools\gradle-4.10.2\bin\, USERNAME=Eero, CMD_LINE_ARGS=test, ProgramFiles(x86)=C:\Program Files (x86), ConEmuServerPID=8928, CMDER_ROOT=C:\Local\Cmder, FPS_BROWSER_USER_PROFILE_STRING=Default, PATHEXT=.COM;.EXE;.BAT;.CMD;.VBS;.VBE;.JS;.JSE;.WSF;.WSH;.MSC, DriverData=C:\Windows\System32\Drivers\DriverData, verbose-output=0, SVN_SSH=c:\\Program Files\\Git\\bin\\ssh.exe, architecture_bits=64, HOMEPATH=\Users\Eero, PROCESSOR_IDENTIFIER=AMD64 Family 23 Model 8 Stepping 2, AuthenticAMD, ConEmuBackHWND=0x001304F8, ProgramFiles=C:\Program Files, PUBLIC=C:\Users\Public, windir=C:\Windows, =::=::\, _SKIP=2, FPS_BROWSER_APP_PROFILE_STRING=Internet Explorer, ConEmuConfig=, JAVA_HOME=C:\Program Files\OpenJDK\jdk-11.0.1, PROMPT=C?L?I?N?K? ?$P$G, TERM=cygwin, GRADLE_HOME=C:\ProgramData\chocolatey\lib\gradle\tools\gradle-4.10.2, ConEmuDrive=C:, OneDrive=C:\Users\Eero\OneDrive, =C:=C:\Users\Eero\Documents\ohtu\Lukuvinkki-NESMM, APPDATA=C:\Users\Eero\AppData\Roaming, JAVA_EXE=C:\Program Files\OpenJDK\jdk-11.0.1/bin/java.exe, ChocolateyInstall=C:\ProgramData\chocolatey, lib_base=call "C:\Local\Cmder\vendor\lib\lib_base.cmd", ChocolateyToolsLocation=C:\tools, architecture=64, Path=C:\Local\Cmder\bin;C:\Local\Cmder\vendor\conemu-maximus5\ConEmu\Scripts;C:\Local\Cmder\vendor\conemu-maximus5;C:\Local\Cmder\vendor\conemu-maximus5\ConEmu;c:\windows\system32;c:\windows;c:\windows\system32\wbem;c:\windows\system32\windowspowershell\v1.0\;c:\windows\system32\openssh\;c:\programdata\chocolatey\bin;c:\program files\putty\;c:\program files (x86)\vim\vim80;c:\program files\git\cmd;c:\program files\nodejs\;c:\go\bin;C:\Program Files (x86)\NVIDIA Corporation\PhysX\Common;C:\Users\Eero\.cargo\bin;C:\Users\Eero\AppData\Local\Microsoft\WindowsApps;C:\tools\neovim\Neovim\bin;C:\Python27amd64;C:\Program Files (x86)\Microsoft Visual Studio\2017\Community\VC\Auxiliary\Build\;C:\Users\Eero\AppData\Local\Programs\Microsoft VS Code\bin;C:\Program Files\CMake\bin;C:\Users\Eero\AppData\Roaming\npm;C:\Users\Eero\go\bin;C:\Users\Eero\.cargo\bin;C:\Program Files\OpenJDK\jdk-11.0.1\bin;c:\Program Files\Git\mingw64;c:\Program Files\Git\usr\bin;C:\Local\Cmder, COMPUTERNAME=CLAUDIUS_I, ConEmuAnsiLog=, GOROOT=C:\Go\, ComSpec=C:\Windows\system32\cmd.exe, APP_BASE_NAME=gradle, ConEmuBuild=180528, HOMEDRIVE=C:, ConEmuBaseDirShort=C:\Local\Cmder\vendor\conemu-maximus5\ConEmu, NUMBER_OF_PROCESSORS=16, ConEmuTask={cmd::Cmder}, ANSICON=143x1000 (143x43), USERDOMAIN_ROAMINGPROFILE=CLAUDIUS_I, aliases=C:\Local\Cmder\config\user-aliases.cmd, PROCESSOR_LEVEL=23, ConEmuWorkDrive=C:, lib_path=call "C:\Local\Cmder\vendor\lib\lib_path.cmd", PROCESSOR_ARCHITECTURE=AMD64, ConEmuANSI=ON, lib_console=call "C:\Local\Cmder\vendor\lib\lib_console.cmd", user-aliases=C:\Local\Cmder\config\user-aliases.cmd, PSModulePath=C:\Program Files\WindowsPowerShell\Modules;C:\Windows\system32\WindowsPowerShell\v1.0\Modules;C:\Program Files\Intel\Wired Networking\, ConEmuCfgDir=C:\Local\Cmder\vendor\conemu-maximus5, ConEmuDrawHWND=0x00020566, debug-output=0, APP_HOME=c:\ProgramData\chocolatey\lib\gradle\tools\gradle-4.10.2\bin\.., ConEmuBaseDir=C:\Local\Cmder\vendor\conemu-maximus5\ConEmu, GOPATH=C:\Users\Eero\go, ProgramData=C:\ProgramData, ProgramW6432=C:\Program Files, ANSICON_DEF=7, ConEmuWorkDir=C:\Users\Eero, ConEmuHooks=Enabled, LOCALAPPDATA=C:\Users\Eero\AppData\Local, ChocolateyLastPathUpdate=Fri Nov  9 17:13:47 2018, USERDOMAIN=CLAUDIUS_I, lib_git=call "C:\Local\Cmder\vendor\lib\lib_git.cmd", LOGONSERVER=\\CLAUDIUS_I, PLINK_PROTOCOL=ssh, ConEmuArgs=, ConEmuHWND=0x000704C6, CommonProgramFiles=C:\Program Files\Common Files, OS=Windows_NT, ConEmuArgs2=, PROCESSOR_REVISION=0802, CLASSPATH=c:\ProgramData\chocolatey\lib\gradle\tools\gradle-4.10.2\bin\..\lib\gradle-launcher-4.10.2.jar, CommonProgramW6432=C:\Program Files\Common Files, ConEmuPID=8452, ConEmuDir=C:\Local\Cmder\vendor\conemu-maximus5, SystemRoot=C:\Windows, TEMP=C:\Users\Eero\AppData\Local\Temp, USERPROFILE=C:\Users\Eero, TMP=C:\Users\Eero\AppData\Local\Temp, ConEmuPalette=Monokai, CommonProgramFiles(x86)=C:\Program Files (x86)\Common Files, HOME=C:\Users\Eero}}]
22:04:07.760 [Test worker] DEBUG org.springframework.core.io.support.PathMatchingResourcePatternResolver - Resolved classpath location [lukuvinkki/] to resources [URL [file:/C:/Users/Eero/Documents/ohtu/Lukuvinkki-NESMM/build/classes/java/test/lukuvinkki/], URL [file:/C:/Users/Eero/Documents/ohtu/Lukuvinkki-NESMM/build/classes/java/main/lukuvinkki/]]
22:04:07.761 [Test worker] DEBUG org.springframework.core.io.support.PathMatchingResourcePatternResolver - Looking for matching resources in directory tree [C:\Users\Eero\Documents\ohtu\Lukuvinkki-NESMM\build\classes\java\test\lukuvinkki]
22:04:07.761 [Test worker] DEBUG org.springframework.core.io.support.PathMatchingResourcePatternResolver - Searching directory [C:\Users\Eero\Documents\ohtu\Lukuvinkki-NESMM\build\classes\java\test\lukuvinkki] for files matching pattern [C:/Users/Eero/Documents/ohtu/Lukuvinkki-NESMM/build/classes/java/test/lukuvinkki/*.class]
22:04:07.763 [Test worker] DEBUG org.springframework.core.io.support.PathMatchingResourcePatternResolver - Looking for matching resources in directory tree [C:\Users\Eero\Documents\ohtu\Lukuvinkki-NESMM\build\classes\java\main\lukuvinkki]
22:04:07.763 [Test worker] DEBUG org.springframework.core.io.support.PathMatchingResourcePatternResolver - Searching directory [C:\Users\Eero\Documents\ohtu\Lukuvinkki-NESMM\build\classes\java\main\lukuvinkki] for files matching pattern [C:/Users/Eero/Documents/ohtu/Lukuvinkki-NESMM/build/classes/java/main/lukuvinkki/*.class]
22:04:07.764 [Test worker] DEBUG org.springframework.core.io.support.PathMatchingResourcePatternResolver - Resolved location pattern [classpath*:lukuvinkki/*.class] to resources [file [C:\Users\Eero\Documents\ohtu\Lukuvinkki-NESMM\build\classes\java\test\lukuvinkki\HttpRequestTest.class], file [C:\Users\Eero\Documents\ohtu\Lukuvinkki-NESMM\build\classes\java\main\lukuvinkki\Application.class], file [C:\Users\Eero\Documents\ohtu\Lukuvinkki-NESMM\build\classes\java\main\lukuvinkki\HttpRequestTest.class]]
22:04:07.792 [Test worker] DEBUG org.springframework.context.annotation.ClassPathScanningCandidateComponentProvider - Identified candidate component class: file [C:\Users\Eero\Documents\ohtu\Lukuvinkki-NESMM\build\classes\java\main\lukuvinkki\Application.class]
22:04:07.794 [Test worker] INFO org.springframework.boot.test.context.SpringBootTestContextBootstrapper - Found @SpringBootConfiguration lukuvinkki.Application for test class lukuvinkki.HttpRequestTest
22:04:07.867 [Test worker] DEBUG org.springframework.boot.test.context.SpringBootTestContextBootstrapper - @TestExecutionListeners is not present for class [lukuvinkki.HttpRequestTest]: using defaults.
22:04:07.867 [Test worker] INFO org.springframework.boot.test.context.SpringBootTestContextBootstrapper - Loaded default TestExecutionListener class names from location [META-INF/spring.factories]: [org.springframework.boot.test.autoconfigure.restdocs.RestDocsTestExecutionListener, org.springframework.boot.test.autoconfigure.web.client.MockRestServiceServerResetTestExecutionListener, org.springframework.boot.test.autoconfigure.web.servlet.MockMvcPrintOnlyOnFailureTestExecutionListener, org.springframework.boot.test.autoconfigure.web.servlet.WebDriverTestExecutionListener, org.springframework.boot.test.mock.mockito.MockitoTestExecutionListener, org.springframework.boot.test.mock.mockito.ResetMocksTestExecutionListener, org.springframework.test.context.web.ServletTestExecutionListener, org.springframework.test.context.support.DirtiesContextBeforeModesTestExecutionListener, org.springframework.test.context.support.DependencyInjectionTestExecutionListener, org.springframework.test.context.support.DirtiesContextTestExecutionListener, org.springframework.test.context.transaction.TransactionalTestExecutionListener, org.springframework.test.context.jdbc.SqlScriptsTestExecutionListener]
22:04:07.874 [Test worker] DEBUG org.springframework.boot.test.context.SpringBootTestContextBootstrapper - Skipping candidate TestExecutionListener [org.springframework.test.context.transaction.TransactionalTestExecutionListener] due to a missing dependency. Specify custom listener classes or make the default listener classes and their required dependencies available. Offending class: [org/springframework/transaction/interceptor/TransactionAttributeSource]
22:04:07.875 [Test worker] DEBUG org.springframework.boot.test.context.SpringBootTestContextBootstrapper - Skipping candidate TestExecutionListener [org.springframework.test.context.jdbc.SqlScriptsTestExecutionListener] due to a missing dependency. Specify custom listener classes or make the default listener classes and their required dependencies available. Offending class: [org/springframework/transaction/interceptor/TransactionAttribute]
22:04:07.875 [Test worker] INFO org.springframework.boot.test.context.SpringBootTestContextBootstrapper - Using TestExecutionListeners: [org.springframework.test.context.web.ServletTestExecutionListener@6f447bc9, org.springframework.test.context.support.DirtiesContextBeforeModesTestExecutionListener@1e8bb37e, org.springframework.boot.test.mock.mockito.MockitoTestExecutionListener@64125709, org.springframework.boot.test.autoconfigure.SpringBootDependencyInjectionTestExecutionListener@62354308, org.springframework.test.context.support.DirtiesContextTestExecutionListener@2ee3e6b4, org.springframework.boot.test.autoconfigure.restdocs.RestDocsTestExecutionListener@6db0b055, org.springframework.boot.test.autoconfigure.web.client.MockRestServiceServerResetTestExecutionListener@1bec08f5, org.springframework.boot.test.autoconfigure.web.servlet.MockMvcPrintOnlyOnFailureTestExecutionListener@53093583, org.springframework.boot.test.autoconfigure.web.servlet.WebDriverTestExecutionListener@62eeaf10, org.springframework.boot.test.mock.mockito.ResetMocksTestExecutionListener@a348900]
22:04:07.877 [Test worker] DEBUG org.springframework.test.annotation.ProfileValueUtils - Retrieved @ProfileValueSourceConfiguration [null] for test class [lukuvinkki.HttpRequestTest]
22:04:07.877 [Test worker] DEBUG org.springframework.test.annotation.ProfileValueUtils - Retrieved ProfileValueSource type [class org.springframework.test.annotation.SystemProfileValueSource] for class [lukuvinkki.HttpRequestTest]
22:04:07.878 [Test worker] DEBUG org.springframework.test.annotation.ProfileValueUtils - Retrieved @ProfileValueSourceConfiguration [null] for test class [lukuvinkki.HttpRequestTest]
22:04:07.878 [Test worker] DEBUG org.springframework.test.annotation.ProfileValueUtils - Retrieved ProfileValueSource type [class org.springframework.test.annotation.SystemProfileValueSource] for class [lukuvinkki.HttpRequestTest]
22:04:07.881 [Test worker] DEBUG org.springframework.test.context.support.AbstractDirtiesContextTestExecutionListener - Before test class: context [DefaultTestContext@5acd2ae5 testClass = HttpRequestTest, testInstance = [null], testMethod = [null], testException = [null], mergedContextConfiguration = [WebMergedContextConfiguration@4bb1b0bd testClass = HttpRequestTest, locations = '{}', classes = '{class lukuvinkki.Application}', contextInitializerClasses = '[]', activeProfiles = '{}', propertySourceLocations = '{}', propertySourceProperties = '{org.springframework.boot.test.context.SpringBootTestContextBootstrapper=true, server.port=0}', contextCustomizers = set[org.springframework.boot.test.autoconfigure.properties.PropertyMappingContextCustomizer@0, org.springframework.boot.test.autoconfigure.web.servlet.WebDriverContextCustomizerFactory$Customizer@3c75322, org.springframework.boot.test.context.filter.ExcludeFilterContextCustomizer@5ccaaf2c, org.springframework.boot.test.json.DuplicateJsonObjectContextCustomizerFactory$DuplicateJsonObjectContextCustomizer@5a52e1f9, org.springframework.boot.test.mock.mockito.MockitoContextCustomizer@0, org.springframework.boot.test.web.client.TestRestTemplateContextCustomizer@681deef9], resourceBasePath = 'src/main/webapp', contextLoader = 'org.springframework.boot.test.context.SpringBootContextLoader', parent = [null]], attributes = map['org.springframework.test.context.web.ServletTestExecutionListener.activateListener' -> false]], class annotated with @DirtiesContext [false] with mode [null].
22:04:07.882 [Test worker] DEBUG org.springframework.test.annotation.ProfileValueUtils - Retrieved @ProfileValueSourceConfiguration [null] for test class [lukuvinkki.HttpRequestTest]
22:04:07.882 [Test worker] DEBUG org.springframework.test.annotation.ProfileValueUtils - Retrieved ProfileValueSource type [class org.springframework.test.annotation.SystemProfileValueSource] for class [lukuvinkki.HttpRequestTest]
22:04:07.885 [Test worker] DEBUG org.springframework.test.context.support.DependencyInjectionTestExecutionListener - Performing dependency injection for test context [[DefaultTestContext@5acd2ae5 testClass = HttpRequestTest, testInstance = lukuvinkki.HttpRequestTest@292ce5ca, testMethod = [null], testException = [null], mergedContextConfiguration = [WebMergedContextConfiguration@4bb1b0bd testClass = HttpRequestTest, locations = '{}', classes = '{class lukuvinkki.Application}', contextInitializerClasses = '[]', activeProfiles = '{}', propertySourceLocations = '{}', propertySourceProperties = '{org.springframework.boot.test.context.SpringBootTestContextBootstrapper=true, server.port=0}', contextCustomizers = set[org.springframework.boot.test.autoconfigure.properties.PropertyMappingContextCustomizer@0, org.springframework.boot.test.autoconfigure.web.servlet.WebDriverContextCustomizerFactory$Customizer@3c75322, org.springframework.boot.test.context.filter.ExcludeFilterContextCustomizer@5ccaaf2c, org.springframework.boot.test.json.DuplicateJsonObjectContextCustomizerFactory$DuplicateJsonObjectContextCustomizer@5a52e1f9, org.springframework.boot.test.mock.mockito.MockitoContextCustomizer@0, org.springframework.boot.test.web.client.TestRestTemplateContextCustomizer@681deef9], resourceBasePath = 'src/main/webapp', contextLoader = 'org.springframework.boot.test.context.SpringBootContextLoader', parent = [null]], attributes = map['org.springframework.test.context.web.ServletTestExecutionListener.activateListener' -> false]]].
22:04:07.898 [Test worker] DEBUG org.springframework.core.env.StandardEnvironment - Adding PropertySource 'systemProperties' with lowest search precedence
22:04:07.898 [Test worker] DEBUG org.springframework.core.env.StandardEnvironment - Adding PropertySource 'systemEnvironment' with lowest search precedence
22:04:07.899 [Test worker] DEBUG org.springframework.core.env.StandardEnvironment - Initialized StandardEnvironment with PropertySources [MapPropertySource@1975329380 {name='systemProperties', properties={sun.desktop=windows, awt.toolkit=sun.awt.windows.WToolkit, java.specification.version=11, sun.cpu.isalist=amd64, sun.jnu.encoding=Cp1252, org.gradle.test.worker=11, java.class.path=C:\\Users\\Eero\\.gradle\\caches\\4.10.2\\workerMain\\gradle-worker.jar;C:\\Users\\Eero\\Documents\\ohtu\\Lukuvinkki-NESMM\\build\\classes\\java\\test;C:\\Users\\Eero\\Documents\\ohtu\\Lukuvinkki-NESMM\\build\\resources\\test;C:\\Users\\Eero\\Documents\\ohtu\\Lukuvinkki-NESMM\\build\\classes\\java\\main;C:\\Users\\Eero\\Documents\\ohtu\\Lukuvinkki-NESMM\\build\\resources\\main;C:\\Users\\Eero\\.gradle\\caches\\modules-2\\files-2.1\\org.springframework.boot\\spring-boot-starter-web\\2.0.5.RELEASE\\52daa1f1509bd637a737206e54c06a17aabb9504\\spring-boot-starter-web-2.0.5.RELEASE.jar;C:\\Users\\Eero\\.gradle\\caches\\modules-2\\files-2.1\\org.springframework.boot\\spring-boot-starter-thymeleaf\\2.0.5.RELEASE\\711c936b0e73d40cde44b68deeed7e5a879b7974\\spring-boot-starter-thymeleaf-2.0.5.RELEASE.jar;C:\\Users\\Eero\\.gradle\\caches\\modules-2\\files-2.1\\org.springframework.boot\\spring-boot-devtools\\2.0.5.RELEASE\\9bd89be8e5d96477f8dd846fea4ced5954031d89\\spring-boot-devtools-2.0.5.RELEASE.jar;C:\\Users\\Eero\\.gradle\\caches\\modules-2\\files-2.1\\org.springframework.boot\\spring-boot-starter-test\\2.0.5.RELEASE\\ab04ca2e76f6a8e786001352a81a10e4b0e7fbc8\\spring-boot-starter-test-2.0.5.RELEASE.jar;C:\\Users\\Eero\\.gradle\\caches\\modules-2\\files-2.1\\org.springframework.boot\\spring-boot-starter-json\\2.0.5.RELEASE\\d0052ded4733ceb1fb7d927238f22f9a92099227\\spring-boot-starter-json-2.0.5.RELEASE.jar;C:\\Users\\Eero\\.gradle\\caches\\modules-2\\files-2.1\\org.springframework.boot\\spring-boot-starter\\2.0.5.RELEASE\\1f53487a373be18d064a5815e9bac9882ef15cdc\\spring-boot-starter-2.0.5.RELEASE.jar;C:\\Users\\Eero\\.gradle\\caches\\modules-2\\files-2.1\\org.springframework.boot\\spring-boot-starter-tomcat\\2.0.5.RELEASE\\eaac8a5d73b45400bc88cd7f6b5c99b5f0d5e9b7\\spring-boot-starter-tomcat-2.0.5.RELEASE.jar;C:\\Users\\Eero\\.gradle\\caches\\modules-2\\files-2.1\\org.hibernate.validator\\hibernate-validator\\6.0.12.Final\\478003e61b056c1f97840ba3e62ff31cdc89597\\hibernate-validator-6.0.12.Final.jar;C:\\Users\\Eero\\.gradle\\caches\\modules-2\\files-2.1\\org.springframework\\spring-webmvc\\5.0.9.RELEASE\\c18346caaeb8dc648c4cc01874996fd9fef76664\\spring-webmvc-5.0.9.RELEASE.jar;C:\\Users\\Eero\\.gradle\\caches\\modules-2\\files-2.1\\org.springframework\\spring-web\\5.0.9.RELEASE\\1ea3aab93340849313fa74ec626ddaf1fff9ed8e\\spring-web-5.0.9.RELEASE.jar;C:\\Users\\Eero\\.gradle\\caches\\modules-2\\files-2.1\\org.thymeleaf\\thymeleaf-spring5\\3.0.9.RELEASE\\abf84efd83808a70d982d2790f7f3a7bd3a39cf4\\thymeleaf-spring5-3.0.9.RELEASE.jar;C:\\Users\\Eero\\.gradle\\caches\\modules-2\\files-2.1\\org.thymeleaf.extras\\thymeleaf-extras-java8time\\3.0.1.RELEASE\\d23760d1e53cd70c489ef40dc94ee6bd2371cceb\\thymeleaf-extras-java8time-3.0.1.RELEASE.jar;C:\\Users\\Eero\\.gradle\\caches\\modules-2\\files-2.1\\org.springframework.boot\\spring-boot-test-autoconfigure\\2.0.5.RELEASE\\54d5e8f9e88c6236fe164474f0aed5a8a1052c43\\spring-boot-test-autoconfigure-2.0.5.RELEASE.jar;C:\\Users\\Eero\\.gradle\\caches\\modules-2\\files-2.1\\org.springframework.boot\\spring-boot-autoconfigure\\2.0.5.RELEASE\\e5588642799e0c0c04638e255c3d3f31ba400ff4\\spring-boot-autoconfigure-2.0.5.RELEASE.jar;C:\\Users\\Eero\\.gradle\\caches\\modules-2\\files-2.1\\org.springframework.boot\\spring-boot-test\\2.0.5.RELEASE\\ce6353f33217982357a6bdba6576015ea333304c\\spring-boot-test-2.0.5.RELEASE.jar;C:\\Users\\Eero\\.gradle\\caches\\modules-2\\files-2.1\\org.springframework.boot\\spring-boot\\2.0.5.RELEASE\\19a4624cbd89a318d10c79f289c6c816043850fb\\spring-boot-2.0.5.RELEASE.jar;C:\\Users\\Eero\\.gradle\\caches\\modules-2\\files-2.1\\com.jayway.jsonpath\\json-path\\2.4.0\\765a4401ceb2dc8d40553c2075eb80a8fa35c2ae\\json-path-2.4.0.jar;C:\\Users\\Eero\\.gradle\\caches\\modules-2\\files-2.1\\junit\\junit\\4.12\\2973d150c0dc1fefe998f834810d68f278ea58ec\\junit-4.12.jar;C:\\Users\\Eero\\.gradle\\caches\\modules-2\\files-2.1\\org.assertj\\assertj-core\\3.9.1\\c5ce126b15f28d56cd8f960c1a6a058b9c9aea87\\assertj-core-3.9.1.jar;C:\\Users\\Eero\\.gradle\\caches\\modules-2\\files-2.1\\org.mockito\\mockito-core\\2.15.0\\b84bfbbc29cd22c9529409627af6ea2897f4fa85\\mockito-core-2.15.0.jar;C:\\Users\\Eero\\.gradle\\caches\\modules-2\\files-2.1\\org.hamcrest\\hamcrest-library\\1.3\\4785a3c21320980282f9f33d0d1264a69040538f\\hamcrest-library-1.3.jar;C:\\Users\\Eero\\.gradle\\caches\\modules-2\\files-2.1\\org.hamcrest\\hamcrest-core\\1.3\\42a25dc3219429f0e5d060061f71acb49bf010a0\\hamcrest-core-1.3.jar;C:\\Users\\Eero\\.gradle\\caches\\modules-2\\files-2.1\\org.skyscreamer\\jsonassert\\1.5.0\\6c9d5fe2f59da598d9aefc1cfc6528ff3cf32df3\\jsonassert-1.5.0.jar;C:\\Users\\Eero\\.gradle\\caches\\modules-2\\files-2.1\\org.springframework\\spring-test\\5.0.9.RELEASE\\218c8648f898453be92d550252e0ce2a84b54375\\spring-test-5.0.9.RELEASE.jar;C:\\Users\\Eero\\.gradle\\caches\\modules-2\\files-2.1\\org.springframework\\spring-context\\5.0.9.RELEASE\\2501e55acb6c2e84667cda3f845d1d00a0dc4e05\\spring-context-5.0.9.RELEASE.jar;C:\\Users\\Eero\\.gradle\\caches\\modules-2\\files-2.1\\org.springframework\\spring-expression\\5.0.9.RELEASE\\1f9db5ff3a758102c0434cc3457aa47c50c39a4a\\spring-expression-5.0.9.RELEASE.jar;C:\\Users\\Eero\\.gradle\\caches\\modules-2\\files-2.1\\org.springframework\\spring-aop\\5.0.9.RELEASE\\98003b099697fe46b6bdf18c7e3f66d7a1381060\\spring-aop-5.0.9.RELEASE.jar;C:\\Users\\Eero\\.gradle\\caches\\modules-2\\files-2.1\\org.springframework\\spring-beans\\5.0.9.RELEASE\\65f56fdab1bb90ad059e314d2f2f4cf76f9bdbde\\spring-beans-5.0.9.RELEASE.jar;C:\\Users\\Eero\\.gradle\\caches\\modules-2\\files-2.1\\org.springframework\\spring-core\\5.0.9.RELEASE\\9f9a828936d81afd49a603bda9cc1aed863a0d85\\spring-core-5.0.9.RELEASE.jar;C:\\Users\\Eero\\.gradle\\caches\\modules-2\\files-2.1\\org.xmlunit\\xmlunit-core\\2.5.1\\4ffdb346572a7356f7521cd3119ce5287d2e339d\\xmlunit-core-2.5.1.jar;C:\\Users\\Eero\\.gradle\\caches\\modules-2\\files-2.1\\org.springframework.boot\\spring-boot-starter-logging\\2.0.5.RELEASE\\c353e0b9591d0765c687ff0a678478cbebfd5c23\\spring-boot-starter-logging-2.0.5.RELEASE.jar;C:\\Users\\Eero\\.gradle\\caches\\modules-2\\files-2.1\\javax.annotation\\javax.annotation-api\\1.3.2\\934c04d3cfef185a8008e7bf34331b79730a9d43\\javax.annotation-api-1.3.2.jar;C:\\Users\\Eero\\.gradle\\caches\\modules-2\\files-2.1\\org.yaml\\snakeyaml\\1.19\\2d998d3d674b172a588e54ab619854d073f555b5\\snakeyaml-1.19.jar;C:\\Users\\Eero\\.gradle\\caches\\modules-2\\files-2.1\\com.fasterxml.jackson.datatype\\jackson-datatype-jdk8\\2.9.6\\456895fc91bf7180b216fead220373e6278230c9\\jackson-datatype-jdk8-2.9.6.jar;C:\\Users\\Eero\\.gradle\\caches\\modules-2\\files-2.1\\com.fasterxml.jackson.datatype\\jackson-datatype-jsr310\\2.9.6\\ea54f6193d224e5e5732bbd4262327eb465397c2\\jackson-datatype-jsr310-2.9.6.jar;C:\\Users\\Eero\\.gradle\\caches\\modules-2\\files-2.1\\com.fasterxml.jackson.module\\jackson-module-parameter-names\\2.9.6\\129acd77a4b6ee30d62d3a0899b1344c8ec2bff8\\jackson-module-parameter-names-2.9.6.jar;C:\\Users\\Eero\\.gradle\\caches\\modules-2\\files-2.1\\com.fasterxml.jackson.core\\jackson-databind\\2.9.6\\cfa4f316351a91bfd95cb0644c6a2c95f52db1fc\\jackson-databind-2.9.6.jar;C:\\Users\\Eero\\.gradle\\caches\\modules-2\\files-2.1\\org.apache.tomcat.embed\\tomcat-embed-websocket\\8.5.34\\5f86906367c2540b21e6aeecc277d2ce9ec939b0\\tomcat-embed-websocket-8.5.34.jar;C:\\Users\\Eero\\.gradle\\caches\\modules-2\\files-2.1\\org.apache.tomcat.embed\\tomcat-embed-core\\8.5.34\\a038040d68a90397f95dd1e11b979fe364a5000f\\tomcat-embed-core-8.5.34.jar;C:\\Users\\Eero\\.gradle\\caches\\modules-2\\files-2.1\\org.apache.tomcat.embed\\tomcat-embed-el\\8.5.34\\be71a9a5bdd001db7cf97c47429eec0bdd3b7b88\\tomcat-embed-el-8.5.34.jar;C:\\Users\\Eero\\.gradle\\caches\\modules-2\\files-2.1\\javax.validation\\validation-api\\2.0.1.Final\\cb855558e6271b1b32e716d24cb85c7f583ce09e\\validation-api-2.0.1.Final.jar;C:\\Users\\Eero\\.gradle\\caches\\modules-2\\files-2.1\\org.jboss.logging\\jboss-logging\\3.3.2.Final\\3789d00e859632e6c6206adc0c71625559e6e3b0\\jboss-logging-3.3.2.Final.jar;C:\\Users\\Eero\\.gradle\\caches\\modules-2\\files-2.1\\com.fasterxml\\classmate\\1.3.4\\3d5f48f10bbe4eb7bd862f10c0583be2e0053c6\\classmate-1.3.4.jar;C:\\Users\\Eero\\.gradle\\caches\\modules-2\\files-2.1\\org.thymeleaf\\thymeleaf\\3.0.9.RELEASE\\64185cca50ac808ad034841c84b4013f955465d2\\thymeleaf-3.0.9.RELEASE.jar;C:\\Users\\Eero\\.gradle\\caches\\modules-2\\files-2.1\\ch.qos.logback\\logback-classic\\1.2.3\\7c4f3c474fb2c041d8028740440937705ebb473a\\logback-classic-1.2.3.jar;C:\\Users\\Eero\\.gradle\\caches\\modules-2\\files-2.1\\org.apache.logging.log4j\\log4j-to-slf4j\\2.10.0\\f7e631ccf49cfc0aefa4a2a728da7d374c05bd3c\\log4j-to-slf4j-2.10.0.jar;C:\\Users\\Eero\\.gradle\\caches\\modules-2\\files-2.1\\org.slf4j\\jul-to-slf4j\\1.7.25\\af5364cd6679bfffb114f0dec8a157aaa283b76\\jul-to-slf4j-1.7.25.jar;C:\\Users\\Eero\\.gradle\\caches\\modules-2\\files-2.1\\org.slf4j\\slf4j-api\\1.7.25\\da76ca59f6a57ee3102f8f9bd9cee742973efa8a\\slf4j-api-1.7.25.jar;C:\\Users\\Eero\\.gradle\\caches\\modules-2\\files-2.1\\net.minidev\\json-smart\\2.3\\7396407491352ce4fa30de92efb158adb76b5b\\json-smart-2.3.jar;C:\\Users\\Eero\\.gradle\\caches\\modules-2\\files-2.1\\net.bytebuddy\\byte-buddy\\1.7.11\\f02857a4e2c66ccbe7aaad6100a0a6c461bce9b3\\byte-buddy-1.7.11.jar;C:\\Users\\Eero\\.gradle\\caches\\modules-2\\files-2.1\\net.bytebuddy\\byte-buddy-agent\\1.7.11\\b425a8933ca07edd03c6dbc8bc3b595fba9780de\\byte-buddy-agent-1.7.11.jar;C:\\Users\\Eero\\.gradle\\caches\\modules-2\\files-2.1\\org.objenesis\\objenesis\\2.6\\639033469776fd37c08358c6b92a4761feb2af4b\\objenesis-2.6.jar;C:\\Users\\Eero\\.gradle\\caches\\modules-2\\files-2.1\\com.vaadin.external.google\\android-json\\0.0.20131108.vaadin1\\fa26d351fe62a6a17f5cda1287c1c6110dec413f\\android-json-0.0.20131108.vaadin1.jar;C:\\Users\\Eero\\.gradle\\caches\\modules-2\\files-2.1\\org.springframework\\spring-jcl\\5.0.9.RELEASE\\bc3b5aaae53f0bc03647e53ecbd98a05b47a4e90\\spring-jcl-5.0.9.RELEASE.jar;C:\\Users\\Eero\\.gradle\\caches\\modules-2\\files-2.1\\com.fasterxml.jackson.core\\jackson-annotations\\2.9.0\\7c10d545325e3a6e72e06381afe469fd40eb701\\jackson-annotations-2.9.0.jar;C:\\Users\\Eero\\.gradle\\caches\\modules-2\\files-2.1\\com.fasterxml.jackson.core\\jackson-core\\2.9.6\\4e393793c37c77e042ccc7be5a914ae39251b365\\jackson-core-2.9.6.jar;C:\\Users\\Eero\\.gradle\\caches\\modules-2\\files-2.1\\org.attoparser\\attoparser\\2.0.4.RELEASE\\5cf02c4d8303a81f0c80971bb1dcd40d3ba96009\\attoparser-2.0.4.RELEASE.jar;C:\\Users\\Eero\\.gradle\\caches\\modules-2\\files-2.1\\org.unbescape\\unbescape\\1.1.5.RELEASE\\46dc644ea9c234317d926ebac5bf5d8f114dc1ba\\unbescape-1.1.5.RELEASE.jar;C:\\Users\\Eero\\.gradle\\caches\\modules-2\\files-2.1\\net.minidev\\accessors-smart\\1.2\\c592b500269bfde36096641b01238a8350f8aa31\\accessors-smart-1.2.jar;C:\\Users\\Eero\\.gradle\\caches\\modules-2\\files-2.1\\ch.qos.logback\\logback-core\\1.2.3\\864344400c3d4d92dfeb0a305dc87d953677c03c\\logback-core-1.2.3.jar;C:\\Users\\Eero\\.gradle\\caches\\modules-2\\files-2.1\\org.apache.logging.log4j\\log4j-api\\2.10.0\\fec5797a55b786184a537abd39c3fa1449d752d6\\log4j-api-2.10.0.jar;C:\\Users\\Eero\\.gradle\\caches\\modules-2\\files-2.1\\org.ow2.asm\\asm\\5.0.4\\da08b8cce7bbf903602a25a3a163ae252435795\\asm-5.0.4.jar, java.vm.vendor=Oracle Corporation, sun.arch.data.model=64, user.variant=, java.vendor.url=http://java.oracle.com/, user.timezone=Europe/Helsinki, os.name=Windows 10, java.vm.specification.version=11, user.country=US, sun.java.launcher=SUN_STANDARD, sun.boot.library.path=C:\Program Files\OpenJDK\jdk-11.0.1\bin, sun.java.command=worker.org.gradle.process.internal.worker.GradleWorkerMain 'Gradle Test Executor 11', jdk.debug=release, sun.cpu.endian=little, user.home=C:\Users\Eero, user.language=en, java.specification.vendor=Oracle Corporation, org.gradle.native=false, java.version.date=2018-10-16, java.home=C:\Program Files\OpenJDK\jdk-11.0.1, file.separator=\, java.vm.compressedOopsMode=Zero based, line.separator=
, java.specification.name=Java Platform API Specification, java.vm.specification.vendor=Oracle Corporation, java.awt.graphicsenv=sun.awt.Win32GraphicsEnvironment, user.script=, sun.management.compiler=HotSpot 64-Bit Tiered Compilers, java.runtime.version=11.0.1+13, user.name=Eero, path.separator=;, os.version=10.0, java.runtime.name=OpenJDK Runtime Environment, file.encoding=windows-1252, java.vm.name=OpenJDK 64-Bit Server VM, java.vendor.version=18.9, java.vendor.url.bug=http://bugreport.java.com/bugreport/, java.io.tmpdir=C:\Users\Eero\AppData\Local\Temp\, java.version=11.0.1, user.dir=C:\Users\Eero\Documents\ohtu\Lukuvinkki-NESMM, os.arch=amd64, java.vm.specification.name=Java Virtual Machine Specification, java.awt.printerjob=sun.awt.windows.WPrinterJob, sun.os.patch.level=, java.library.path=C:\Program Files\OpenJDK\jdk-11.0.1\bin;C:\Windows\Sun\Java\bin;C:\Windows\system32;C:\Windows;C:\Local\Cmder\bin;C:\Local\Cmder\vendor\conemu-maximus5\ConEmu\Scripts;C:\Local\Cmder\vendor\conemu-maximus5;C:\Local\Cmder\vendor\conemu-maximus5\ConEmu;c:\windows\system32;c:\windows;c:\windows\system32\wbem;c:\windows\system32\windowspowershell\v1.0\;c:\windows\system32\openssh\;c:\programdata\chocolatey\bin;c:\program files\putty\;c:\program files (x86)\vim\vim80;c:\program files\git\cmd;c:\program files\nodejs\;c:\go\bin;C:\Program Files (x86)\NVIDIA Corporation\PhysX\Common;C:\Users\Eero\.cargo\bin;C:\Users\Eero\AppData\Local\Microsoft\WindowsApps;C:\tools\neovim\Neovim\bin;C:\Python27amd64;C:\Program Files (x86)\Microsoft Visual Studio\2017\Community\VC\Auxiliary\Build\;C:\Users\Eero\AppData\Local\Programs\Microsoft VS Code\bin;C:\Program Files\CMake\bin;C:\Users\Eero\AppData\Roaming\npm;C:\Users\Eero\go\bin;C:\Users\Eero\.cargo\bin;C:\Program Files\OpenJDK\jdk-11.0.1\bin;c:\Program Files\Git\mingw64;c:\Program Files\Git\usr\bin;C:\Local\Cmder;., java.vendor=Oracle Corporation, java.vm.info=mixed mode, java.vm.version=11.0.1+13, sun.io.unicode.encoding=UnicodeLittle, java.class.version=55.0}}, SystemEnvironmentPropertySource@642318367 {name='systemEnvironment', properties={lib_profile=call "C:\Local\Cmder\vendor\lib\lib_profile.cmd", max_depth=1, SESSIONNAME=Console, ALLUSERSPROFILE=C:\ProgramData, GIT_INSTALL_ROOT=c:\Program Files\Git, SystemDrive=C:, =ExitCode=00000000, DIRNAME=c:\ProgramData\chocolatey\lib\gradle\tools\gradle-4.10.2\bin\, USERNAME=Eero, CMD_LINE_ARGS=test, ProgramFiles(x86)=C:\Program Files (x86), ConEmuServerPID=8928, CMDER_ROOT=C:\Local\Cmder, FPS_BROWSER_USER_PROFILE_STRING=Default, PATHEXT=.COM;.EXE;.BAT;.CMD;.VBS;.VBE;.JS;.JSE;.WSF;.WSH;.MSC, DriverData=C:\Windows\System32\Drivers\DriverData, verbose-output=0, SVN_SSH=c:\\Program Files\\Git\\bin\\ssh.exe, architecture_bits=64, HOMEPATH=\Users\Eero, PROCESSOR_IDENTIFIER=AMD64 Family 23 Model 8 Stepping 2, AuthenticAMD, ConEmuBackHWND=0x001304F8, ProgramFiles=C:\Program Files, PUBLIC=C:\Users\Public, windir=C:\Windows, =::=::\, _SKIP=2, FPS_BROWSER_APP_PROFILE_STRING=Internet Explorer, ConEmuConfig=, JAVA_HOME=C:\Program Files\OpenJDK\jdk-11.0.1, PROMPT=C?L?I?N?K? ?$P$G, TERM=cygwin, GRADLE_HOME=C:\ProgramData\chocolatey\lib\gradle\tools\gradle-4.10.2, ConEmuDrive=C:, OneDrive=C:\Users\Eero\OneDrive, =C:=C:\Users\Eero\Documents\ohtu\Lukuvinkki-NESMM, APPDATA=C:\Users\Eero\AppData\Roaming, JAVA_EXE=C:\Program Files\OpenJDK\jdk-11.0.1/bin/java.exe, ChocolateyInstall=C:\ProgramData\chocolatey, lib_base=call "C:\Local\Cmder\vendor\lib\lib_base.cmd", ChocolateyToolsLocation=C:\tools, architecture=64, Path=C:\Local\Cmder\bin;C:\Local\Cmder\vendor\conemu-maximus5\ConEmu\Scripts;C:\Local\Cmder\vendor\conemu-maximus5;C:\Local\Cmder\vendor\conemu-maximus5\ConEmu;c:\windows\system32;c:\windows;c:\windows\system32\wbem;c:\windows\system32\windowspowershell\v1.0\;c:\windows\system32\openssh\;c:\programdata\chocolatey\bin;c:\program files\putty\;c:\program files (x86)\vim\vim80;c:\program files\git\cmd;c:\program files\nodejs\;c:\go\bin;C:\Program Files (x86)\NVIDIA Corporation\PhysX\Common;C:\Users\Eero\.cargo\bin;C:\Users\Eero\AppData\Local\Microsoft\WindowsApps;C:\tools\neovim\Neovim\bin;C:\Python27amd64;C:\Program Files (x86)\Microsoft Visual Studio\2017\Community\VC\Auxiliary\Build\;C:\Users\Eero\AppData\Local\Programs\Microsoft VS Code\bin;C:\Program Files\CMake\bin;C:\Users\Eero\AppData\Roaming\npm;C:\Users\Eero\go\bin;C:\Users\Eero\.cargo\bin;C:\Program Files\OpenJDK\jdk-11.0.1\bin;c:\Program Files\Git\mingw64;c:\Program Files\Git\usr\bin;C:\Local\Cmder, COMPUTERNAME=CLAUDIUS_I, ConEmuAnsiLog=, GOROOT=C:\Go\, ComSpec=C:\Windows\system32\cmd.exe, APP_BASE_NAME=gradle, ConEmuBuild=180528, HOMEDRIVE=C:, ConEmuBaseDirShort=C:\Local\Cmder\vendor\conemu-maximus5\ConEmu, NUMBER_OF_PROCESSORS=16, ConEmuTask={cmd::Cmder}, ANSICON=143x1000 (143x43), USERDOMAIN_ROAMINGPROFILE=CLAUDIUS_I, aliases=C:\Local\Cmder\config\user-aliases.cmd, PROCESSOR_LEVEL=23, ConEmuWorkDrive=C:, lib_path=call "C:\Local\Cmder\vendor\lib\lib_path.cmd", PROCESSOR_ARCHITECTURE=AMD64, ConEmuANSI=ON, lib_console=call "C:\Local\Cmder\vendor\lib\lib_console.cmd", user-aliases=C:\Local\Cmder\config\user-aliases.cmd, PSModulePath=C:\Program Files\WindowsPowerShell\Modules;C:\Windows\system32\WindowsPowerShell\v1.0\Modules;C:\Program Files\Intel\Wired Networking\, ConEmuCfgDir=C:\Local\Cmder\vendor\conemu-maximus5, ConEmuDrawHWND=0x00020566, debug-output=0, APP_HOME=c:\ProgramData\chocolatey\lib\gradle\tools\gradle-4.10.2\bin\.., ConEmuBaseDir=C:\Local\Cmder\vendor\conemu-maximus5\ConEmu, GOPATH=C:\Users\Eero\go, ProgramData=C:\ProgramData, ProgramW6432=C:\Program Files, ANSICON_DEF=7, ConEmuWorkDir=C:\Users\Eero, ConEmuHooks=Enabled, LOCALAPPDATA=C:\Users\Eero\AppData\Local, ChocolateyLastPathUpdate=Fri Nov  9 17:13:47 2018, USERDOMAIN=CLAUDIUS_I, lib_git=call "C:\Local\Cmder\vendor\lib\lib_git.cmd", LOGONSERVER=\\CLAUDIUS_I, PLINK_PROTOCOL=ssh, ConEmuArgs=, ConEmuHWND=0x000704C6, CommonProgramFiles=C:\Program Files\Common Files, OS=Windows_NT, ConEmuArgs2=, PROCESSOR_REVISION=0802, CLASSPATH=c:\ProgramData\chocolatey\lib\gradle\tools\gradle-4.10.2\bin\..\lib\gradle-launcher-4.10.2.jar, CommonProgramW6432=C:\Program Files\Common Files, ConEmuPID=8452, ConEmuDir=C:\Local\Cmder\vendor\conemu-maximus5, SystemRoot=C:\Windows, TEMP=C:\Users\Eero\AppData\Local\Temp, USERPROFILE=C:\Users\Eero, TMP=C:\Users\Eero\AppData\Local\Temp, ConEmuPalette=Monokai, CommonProgramFiles(x86)=C:\Program Files (x86)\Common Files, HOME=C:\Users\Eero}}]
22:04:07.900 [Test worker] DEBUG org.springframework.test.context.support.TestPropertySourceUtils - Adding inlined properties to environment: {spring.jmx.enabled=false, org.springframework.boot.test.context.SpringBootTestContextBootstrapper=true, server.port=0}
22:04:07.901 [Test worker] DEBUG org.springframework.core.env.StandardEnvironment - Adding PropertySource 'Inlined Test Properties' with highest search precedence

  .   ____          _            __ _ _
 /\\ / ___'_ __ _ _(_)_ __  __ _ \ \ \ \
( ( )\___ | '_ | '_| | '_ \/ _` | \ \ \ \
 \\/  ___)| |_)| | | | | || (_| |  ) ) ) )
  '  |____| .__|_| |_|_| |_\__, | / / / /
 =========|_|==============|___/=/_/_/_/
 :: Spring Boot ::        (v2.0.5.RELEASE)

2018-11-13 22:04:08.105  INFO 18604 --- [    Test worker] lukuvinkki.HttpRequestTest               : Starting HttpRequestTest on CLAUDIUS_I with PID 18604 (started by Eero in C:\Users\Eero\Documents\ohtu\Lukuvinkki-NESMM)
2018-11-13 22:04:08.106  INFO 18604 --- [    Test worker] lukuvinkki.HttpRequestTest               : No active profile set, falling back to default profiles: default
2018-11-13 22:04:08.127  INFO 18604 --- [    Test worker] ConfigServletWebServerApplicationContext : Refreshing org.springframework.boot.web.servlet.context.AnnotationConfigServletWebServerApplicationContext@3b6b2a1f: startup date [Tue Nov 13 22:04:08 EET 2018]; root of context hierarchy
2018-11-13 22:04:09.033  INFO 18604 --- [    Test worker] o.s.b.w.embedded.tomcat.TomcatWebServer  : Tomcat initialized with port(s): 0 (http)
2018-11-13 22:04:09.053  INFO 18604 --- [    Test worker] o.apache.catalina.core.StandardService   : Starting service [Tomcat]
2018-11-13 22:04:09.054  INFO 18604 --- [    Test worker] org.apache.catalina.core.StandardEngine  : Starting Servlet Engine: Apache Tomcat/8.5.34
2018-11-13 22:04:09.061  INFO 18604 --- [ost-startStop-1] o.a.catalina.core.AprLifecycleListener   : The APR based Apache Tomcat Native library which allows optimal performance in production environments was not found on the java.library.path: [C:\Program Files\OpenJDK\jdk-11.0.1\bin;C:\Windows\Sun\Java\bin;C:\Windows\system32;C:\Windows;C:\Local\Cmder\bin;C:\Local\Cmder\vendor\conemu-maximus5\ConEmu\Scripts;C:\Local\Cmder\vendor\conemu-maximus5;C:\Local\Cmder\vendor\conemu-maximus5\ConEmu;c:\windows\system32;c:\windows;c:\windows\system32\wbem;c:\windows\system32\windowspowershell\v1.0\;c:\windows\system32\openssh\;c:\programdata\chocolatey\bin;c:\program files\putty\;c:\program files (x86)\vim\vim80;c:\program files\git\cmd;c:\program files\nodejs\;c:\go\bin;C:\Program Files (x86)\NVIDIA Corporation\PhysX\Common;C:\Users\Eero\.cargo\bin;C:\Users\Eero\AppData\Local\Microsoft\WindowsApps;C:\tools\neovim\Neovim\bin;C:\Python27amd64;C:\Program Files (x86)\Microsoft Visual Studio\2017\Community\VC\Auxiliary\Build\;C:\Users\Eero\AppData\Local\Programs\Microsoft VS Code\bin;C:\Program Files\CMake\bin;C:\Users\Eero\AppData\Roaming\npm;C:\Users\Eero\go\bin;C:\Users\Eero\.cargo\bin;C:\Program Files\OpenJDK\jdk-11.0.1\bin;c:\Program Files\Git\mingw64;c:\Program Files\Git\usr\bin;C:\Local\Cmder;.]
2018-11-13 22:04:09.147  INFO 18604 --- [ost-startStop-1] o.a.c.c.C.[Tomcat].[localhost].[/]       : Initializing Spring embedded WebApplicationContext
2018-11-13 22:04:09.147  INFO 18604 --- [ost-startStop-1] o.s.web.context.ContextLoader            : Root WebApplicationContext: initialization completed in 1026 ms
2018-11-13 22:04:09.200  INFO 18604 --- [ost-startStop-1] o.s.b.w.servlet.ServletRegistrationBean  : Servlet dispatcherServlet mapped to [/]
2018-11-13 22:04:09.203  INFO 18604 --- [ost-startStop-1] o.s.b.w.servlet.FilterRegistrationBean   : Mapping filter: 'characterEncodingFilter' to: [/*]
2018-11-13 22:04:09.203  INFO 18604 --- [ost-startStop-1] o.s.b.w.servlet.FilterRegistrationBean   : Mapping filter: 'hiddenHttpMethodFilter' to: [/*]
2018-11-13 22:04:09.203  INFO 18604 --- [ost-startStop-1] o.s.b.w.servlet.FilterRegistrationBean   : Mapping filter: 'httpPutFormContentFilter' to: [/*]
2018-11-13 22:04:09.203  INFO 18604 --- [ost-startStop-1] o.s.b.w.servlet.FilterRegistrationBean   : Mapping filter: 'requestContextFilter' to: [/*]
2018-11-13 22:04:09.292  INFO 18604 --- [    Test worker] o.s.w.s.handler.SimpleUrlHandlerMapping  : Mapped URL path [/**/favicon.ico] onto handler of type [class org.springframework.web.servlet.resource.ResourceHttpRequestHandler]
2018-11-13 22:04:09.418  INFO 18604 --- [    Test worker] s.w.s.m.m.a.RequestMappingHandlerAdapter : Looking for @ControllerAdvice: org.springframework.boot.web.servlet.context.AnnotationConfigServletWebServerApplicationContext@3b6b2a1f: startup date [Tue Nov 13 22:04:08 EET 2018]; root of context hierarchy
2018-11-13 22:04:09.468  INFO 18604 --- [    Test worker] s.w.s.m.m.a.RequestMappingHandlerMapping : Mapped "{[/greeting],methods=[GET]}" onto public java.lang.String lukuvinkki.controller.GreetingController.greeting(java.lang.String,org.springframework.ui.Model)
2018-11-13 22:04:09.469  INFO 18604 --- [    Test worker] s.w.s.m.m.a.RequestMappingHandlerMapping : Mapped "{[/bookmark],methods=[GET]}" onto public java.lang.String lukuvinkki.controller.GreetingController.bookmark(java.lang.String,org.springframework.ui.Model)
2018-11-13 22:04:09.471  INFO 18604 --- [    Test worker] s.w.s.m.m.a.RequestMappingHandlerMapping : Mapped "{[/error]}" onto public org.springframework.http.ResponseEntity<java.util.Map<java.lang.String, java.lang.Object>> org.springframework.boot.autoconfigure.web.servlet.error.BasicErrorController.error(javax.servlet.http.HttpServletRequest)
2018-11-13 22:04:09.472  INFO 18604 --- [    Test worker] s.w.s.m.m.a.RequestMappingHandlerMapping : Mapped "{[/error],produces=[text/html]}" onto public org.springframework.web.servlet.ModelAndView org.springframework.boot.autoconfigure.web.servlet.error.BasicErrorController.errorHtml(javax.servlet.http.HttpServletRequest,javax.servlet.http.HttpServletResponse)
2018-11-13 22:04:09.492  INFO 18604 --- [    Test worker] o.s.w.s.handler.SimpleUrlHandlerMapping  : Mapped URL path [/webjars/**] onto handler of type [class org.springframework.web.servlet.resource.ResourceHttpRequestHandler]
2018-11-13 22:04:09.492  INFO 18604 --- [    Test worker] o.s.w.s.handler.SimpleUrlHandlerMapping  : Mapped URL path [/**] onto handler of type [class org.springframework.web.servlet.resource.ResourceHttpRequestHandler]
2018-11-13 22:04:09.592  INFO 18604 --- [    Test worker] o.s.b.a.w.s.WelcomePageHandlerMapping    : Adding welcome page: class path resource [static/index.html]
2018-11-13 22:04:09.704  INFO 18604 --- [    Test worker] o.s.b.w.embedded.tomcat.TomcatWebServer  : Tomcat started on port(s): 50553 (http) with context path ''
2018-11-13 22:04:09.711  INFO 18604 --- [    Test worker] lukuvinkki.HttpRequestTest               : Started HttpRequestTest in 1.807 seconds (JVM running for 2.548)
2018-11-13 22:04:09.876  INFO 18604 --- [o-auto-1-exec-1] o.a.c.c.C.[Tomcat].[localhost].[/]       : Initializing Spring FrameworkServlet 'dispatcherServlet'
2018-11-13 22:04:09.877  INFO 18604 --- [o-auto-1-exec-1] o.s.web.servlet.DispatcherServlet        : FrameworkServlet 'dispatcherServlet': initialization started
2018-11-13 22:04:09.890  INFO 18604 --- [o-auto-1-exec-1] o.s.web.servlet.DispatcherServlet        : FrameworkServlet 'dispatcherServlet': initialization completed in 13 ms
]]></system-out>
  <system-err><![CDATA[]]></system-err>
</testsuite>
